2026-07-05 21:21:45.383 +06 [13640] LOG:  starting PostgreSQL 18.4 on x86_64-windows, compiled by msvc-19.44.35226, 64-bit
2026-07-05 21:21:45.393 +06 [13640] LOG:  listening on IPv6 address "::1", port 5433
2026-07-05 21:21:45.394 +06 [13640] LOG:  listening on IPv4 address "127.0.0.1", port 5433
2026-07-05 21:21:45.533 +06 [6952] LOG:  database system was shut down at 2026-07-05 21:21:38 +06
2026-07-05 21:21:45.557 +06 [13640] LOG:  database system is ready to accept connections
2026-07-05 21:26:45.540 +06 [11396] LOG:  checkpoint starting: time
2026-07-05 21:26:49.396 +06 [11396] LOG:  checkpoint complete: wrote 35 buffers (0.2%), wrote 3 SLRU buffers; 0 WAL file(s) added, 0 removed, 0 recycled; write=3.805 s, sync=0.037 s, total=3.859 s; sync files=11, longest=0.020 s, average=0.004 s; distance=245 kB, estimate=245 kB; lsn=0/1823E80, redo lsn=0/1823DF0
2026-07-05 21:27:09.978 +06 [16296] FATAL:  database "rentnest" does not exist
2026-07-05 21:27:10.144 +06 [6200] FATAL:  database "rentnest" does not exist
2026-07-05 21:27:10.265 +06 [8084] FATAL:  database "rentnest" does not exist
2026-07-05 21:27:10.312 +06 [16088] FATAL:  database "rentnest" does not exist
2026-07-05 21:27:12.310 +06 [16140] LOG:  could not receive data from client: An existing connection was forcibly closed by the remote host.
	
2026-07-05 21:27:19.854 +06 [4008] ERROR:  relation "public.users" does not exist at character 35
2026-07-05 21:27:19.854 +06 [4008] STATEMENT:  SELECT "public"."users"."id" FROM "public"."users" WHERE ("public"."users"."email" = $1 AND 1=1) OFFSET $2
2026-07-05 21:27:19.877 +06 [4008] LOG:  could not receive data from client: An existing connection was forcibly closed by the remote host.
	
2026-07-05 21:27:43.416 +06 [11396] LOG:  checkpoint starting: immediate force wait
2026-07-05 21:27:52.203 +06 [11396] LOG:  checkpoint complete: wrote 992 buffers (6.1%), wrote 1 SLRU buffers; 0 WAL file(s) added, 0 removed, 1 recycled; write=7.746 s, sync=0.994 s, total=8.788 s; sync files=306, longest=0.030 s, average=0.004 s; distance=9393 kB, estimate=9393 kB; lsn=0/21502A8, redo lsn=0/2150250
2026-07-05 21:27:58.155 +06 [11396] LOG:  checkpoint starting: immediate force wait
2026-07-05 21:27:58.205 +06 [11396] LOG:  checkpoint complete: wrote 23 buffers (0.1%), wrote 1 SLRU buffers; 0 WAL file(s) added, 0 removed, 0 recycled; write=0.013 s, sync=0.021 s, total=0.050 s; sync files=11, longest=0.005 s, average=0.002 s; distance=4820 kB, estimate=8935 kB; lsn=0/26053E8, redo lsn=0/2605390
2026-07-05 21:28:04.576 +06 [11396] LOG:  checkpoint starting: immediate force wait
2026-07-05 21:28:04.655 +06 [11396] LOG:  checkpoint complete: wrote 3 buffers (0.0%), wrote 1 SLRU buffers; 0 WAL file(s) added, 0 removed, 0 recycled; write=0.027 s, sync=0.014 s, total=0.079 s; sync files=4, longest=0.005 s, average=0.004 s; distance=4687 kB, estimate=8510 kB; lsn=0/2A99288, redo lsn=0/2A99230
2026-07-05 21:28:07.810 +06 [11396] LOG:  checkpoint starting: immediate force wait
2026-07-05 21:28:07.856 +06 [11396] LOG:  checkpoint complete: wrote 3 buffers (0.0%), wrote 1 SLRU buffers; 0 WAL file(s) added, 0 removed, 0 recycled; write=0.009 s, sync=0.007 s, total=0.047 s; sync files=4, longest=0.002 s, average=0.002 s; distance=4687 kB, estimate=8128 kB; lsn=0/2F2D238, redo lsn=0/2F2D1E0
2026-07-05 21:28:08.840 +06 [3096] LOG:  could not receive data from client: An existing connection was forcibly closed by the remote host.
	
2026-07-05 21:33:07.876 +06 [11396] LOG:  checkpoint starting: time
2026-07-05 21:33:21.144 +06 [11396] LOG:  checkpoint complete: wrote 105 buffers (0.6%), wrote 1 SLRU buffers; 0 WAL file(s) added, 0 removed, 0 recycled; write=12.858 s, sync=0.387 s, total=13.269 s; sync files=79, longest=0.097 s, average=0.005 s; distance=517 kB, estimate=7367 kB; lsn=0/2FAEA10, redo lsn=0/2FAE980
2026-07-05 21:53:07.192 +06 [11396] LOG:  checkpoint starting: time
2026-07-05 21:53:07.330 +06 [11396] LOG:  checkpoint complete: wrote 1 buffers (0.0%), wrote 0 SLRU buffers; 0 WAL file(s) added, 0 removed, 0 recycled; write=0.109 s, sync=0.005 s, total=0.138 s; sync files=1, longest=0.005 s, average=0.005 s; distance=1 kB, estimate=6630 kB; lsn=0/2FAEDF8, redo lsn=0/2FAEDA0
2026-07-05 21:58:07.344 +06 [11396] LOG:  checkpoint starting: time
2026-07-05 21:58:07.493 +06 [11396] LOG:  checkpoint complete: wrote 1 buffers (0.0%), wrote 0 SLRU buffers; 0 WAL file(s) added, 0 removed, 0 recycled; write=0.113 s, sync=0.005 s, total=0.150 s; sync files=1, longest=0.005 s, average=0.005 s; distance=1 kB, estimate=5968 kB; lsn=0/2FAF400, redo lsn=0/2FAF3A8
2026-07-05 22:03:51.639 +06 [10176] LOG:  could not receive data from client: An existing connection was forcibly closed by the remote host.
	
2026-07-05 22:03:51.659 +06 [11804] LOG:  could not receive data from client: An existing connection was forcibly closed by the remote host.
	
2026-07-05 22:08:07.518 +06 [11396] LOG:  checkpoint starting: time
2026-07-05 22:08:07.876 +06 [11396] LOG:  checkpoint complete: wrote 3 buffers (0.0%), wrote 1 SLRU buffers; 0 WAL file(s) added, 0 removed, 0 recycled; write=0.332 s, sync=0.007 s, total=0.358 s; sync files=4, longest=0.003 s, average=0.002 s; distance=1 kB, estimate=5371 kB; lsn=0/2FAFB30, redo lsn=0/2FAFAA0
2026-07-05 22:10:13.315 +06 [13640] LOG:  background worker "logical replication launcher" (PID 11180) was terminated by exception 0xC000013A
2026-07-05 22:10:13.315 +06 [13640] HINT:  See C include file "ntstatus.h" for a description of the hexadecimal value.
2026-07-05 22:10:13.316 +06 [13640] LOG:  terminating any other active server processes
^C2026-07-05 22:55:08.804 +06 [14176] LOG:  starting PostgreSQL 18.4 on x86_64-windows, compiled by msvc-19.44.35226, 64-bit
2026-07-05 22:55:08.812 +06 [14176] LOG:  listening on IPv6 address "::1", port 5433
2026-07-05 22:55:08.813 +06 [14176] LOG:  listening on IPv4 address "127.0.0.1", port 5433
2026-07-05 22:55:09.000 +06 [3932] LOG:  database system was interrupted; last known up at 2026-07-05 22:08:07 +06
2026-07-05 22:55:09.286 +06 [3932] LOG:  database system was not properly shut down; automatic recovery in progress
2026-07-05 22:55:09.297 +06 [3932] LOG:  redo starts at 0/2FAFAA0
2026-07-05 22:55:09.298 +06 [3932] LOG:  invalid record length at 0/2FAFBE0: expected at least 24, got 0
2026-07-05 22:55:09.298 +06 [3932] LOG:  redo done at 0/2FAFBA8 system usage: CPU: user: 0.00 s, system: 0.00 s, elapsed: 0.00 s
2026-07-05 22:55:09.311 +06 [15940] LOG:  checkpoint starting: end-of-recovery immediate wait
2026-07-05 22:55:09.334 +06 [15940] LOG:  checkpoint complete: wrote 0 buffers (0.0%), wrote 3 SLRU buffers; 0 WAL file(s) added, 0 removed, 0 recycled; write=0.004 s, sync=0.005 s, total=0.026 s; sync files=2, longest=0.003 s, average=0.003 s; distance=0 kB, estimate=0 kB; lsn=0/2FAFBE0, redo lsn=0/2FAFBE0
2026-07-05 22:55:09.377 +06 [14176] LOG:  database system is ready to accept connections
2026-07-05 22:59:57.628 +06 [14176] LOG:  received fast shutdown request
2026-07-05 22:59:57.628 +06 [15940] LOG:  shutting down
2026-07-05 22:59:57.644 +06 [15940] LOG:  checkpoint starting: shutdown immediate
2026-07-05 22:59:57.647 +06 [14176] LOG:  aborting any active transactions
2026-07-05 22:59:57.654 +06 [1560] ERROR:  canceling statement due to user request
2026-07-05 22:59:57.667 +06 [13804] ERROR:  canceling statement due to user request
2026-07-05 22:59:57.684 +06 [14176] LOG:  background worker "logical replication launcher" (PID 13804) exited with exit code 1
2026-07-05 22:59:57.692 +06 [15940] LOG:  checkpoint complete: wrote 0 buffers (0.0%), wrote 0 SLRU buffers; 0 WAL file(s) added, 0 removed, 0 recycled; write=0.001 s, sync=0.001 s, total=0.063 s; sync files=0, longest=0.000 s, average=0.000 s; distance=0 kB, estimate=0 kB; lsn=0/2FAFC90, redo lsn=0/2FAFC90
2026-07-05 22:59:57.692 +06 [14176] LOG:  WAL was shut down unexpectedly
2026-07-05 22:59:57.785 +06 [14176] LOG:  abnormal database system shutdown
2026-07-05 22:59:57.790 +06 [14176] LOG:  database system is shut down
2026-07-05 23:00:35.495 +06 [15840] LOG:  starting PostgreSQL 18.4 on x86_64-windows, compiled by msvc-19.44.35226, 64-bit
2026-07-05 23:00:35.501 +06 [15840] LOG:  listening on IPv6 address "::1", port 5433
2026-07-05 23:00:35.502 +06 [15840] LOG:  listening on IPv4 address "127.0.0.1", port 5433
2026-07-05 23:00:35.688 +06 [9124] LOG:  database system was shut down at 2026-07-05 22:59:57 +06
2026-07-05 23:00:35.710 +06 [15840] LOG:  database system is ready to accept connections
2026-07-05 23:01:55.990 +06 [10976] LOG:  shutting down
2026-07-05 23:01:55.992 +06 [15840] LOG:  received fast shutdown request
2026-07-05 23:01:56.005 +06 [15840] LOG:  aborting any active transactions
2026-07-05 23:01:56.010 +06 [10976] LOG:  checkpoint starting: shutdown immediate
2026-07-05 23:01:56.025 +06 [8512] ERROR:  canceling statement due to user request
2026-07-05 23:01:56.041 +06 [3252] ERROR:  canceling statement due to user request
2026-07-05 23:01:56.055 +06 [15840] LOG:  background worker "logical replication launcher" (PID 3252) exited with exit code 1
2026-07-05 23:01:56.058 +06 [10976] LOG:  checkpoint complete: wrote 0 buffers (0.0%), wrote 3 SLRU buffers; 0 WAL file(s) added, 0 removed, 0 recycled; write=0.006 s, sync=0.009 s, total=0.066 s; sync files=2, longest=0.005 s, average=0.005 s; distance=0 kB, estimate=0 kB; lsn=0/2FAFD40, redo lsn=0/2FAFD40
2026-07-05 23:01:56.058 +06 [15840] LOG:  WAL was shut down unexpectedly
2026-07-05 23:01:56.167 +06 [15840] LOG:  abnormal database system shutdown
2026-07-05 23:01:56.171 +06 [15840] LOG:  database system is shut down
2026-07-05 23:03:19.543 +06 [9016] LOG:  starting PostgreSQL 18.4 on x86_64-windows, compiled by msvc-19.44.35226, 64-bit
2026-07-05 23:03:19.548 +06 [9016] LOG:  listening on IPv6 address "::1", port 5433
2026-07-05 23:03:19.549 +06 [9016] LOG:  listening on IPv4 address "127.0.0.1", port 5433
2026-07-05 23:03:19.726 +06 [11748] LOG:  database system was shut down at 2026-07-05 23:01:56 +06
2026-07-05 23:03:19.742 +06 [9016] LOG:  database system is ready to accept connections
2026-07-05 23:05:01.162 +06 [1064] ERROR:  canceling statement due to user request
2026-07-05 23:05:01.164 +06 [15752] ERROR:  canceling statement due to user request
2026-07-05 23:05:01.165 +06 [16352] LOG:  shutting down
2026-07-05 23:05:01.172 +06 [9016] LOG:  received fast shutdown request
2026-07-05 23:05:01.175 +06 [16352] LOG:  checkpoint starting: shutdown immediate
2026-07-05 23:05:01.181 +06 [9016] LOG:  aborting any active transactions
2026-07-05 23:05:01.213 +06 [9016] LOG:  background worker "logical replication launcher" (PID 1064) exited with exit code 1
2026-07-05 23:05:01.232 +06 [16352] LOG:  checkpoint complete: wrote 0 buffers (0.0%), wrote 3 SLRU buffers; 0 WAL file(s) added, 0 removed, 0 recycled; write=0.009 s, sync=0.009 s, total=0.067 s; sync files=2, longest=0.005 s, average=0.005 s; distance=0 kB, estimate=0 kB; lsn=0/2FAFDF0, redo lsn=0/2FAFDF0
2026-07-05 23:05:01.232 +06 [9016] LOG:  WAL was shut down unexpectedly
2026-07-05 23:05:01.350 +06 [9016] LOG:  abnormal database system shutdown
2026-07-05 23:05:01.353 +06 [9016] LOG:  database system is shut down
